<?xml version="1.0" encoding="UTF-8"?>
<testsuite xmlns:xsi="http://www.w3.org/2001/XMLSchema-instance" xsi:noNamespaceSchemaLocation="https://maven.apache.org/surefire/maven-surefire-plugin/xsd/surefire-test-report-3.0.xsd" version="3.0" name="br.com.erudio.unittests.mockito.services.BookServicesTest" time="0.001" tests="6" errors="0" skipped="6" failures="0">
  <properties/>
  <testcase name="testUpdateWithNullBook" classname="br.com.erudio.unittests.mockito.services.BookServicesTest" time="0.0">
    <skipped message="class br.com.erudio.unittests.mockito.services.BookServicesTest is @Disabled"/>
  </testcase>
  <testcase name="testFindById" classname="br.com.erudio.unittests.mockito.services.BookServicesTest" time="0.0">
    <skipped message="class br.com.erudio.unittests.mockito.services.BookServicesTest is @Disabled"/>
  </testcase>
  <testcase name="testCreateWithNullBook" classname="br.com.erudio.unittests.mockito.services.BookServicesTest" time="0.0">
    <skipped message="class br.com.erudio.unittests.mockito.services.BookServicesTest is @Disabled"/>
  </testcase>
  <testcase name="testCreate" classname="br.com.erudio.unittests.mockito.services.BookServicesTest" time="0.0">
    <skipped message="class br.com.erudio.unittests.mockito.services.BookServicesTest is @Disabled"/>
  </testcase>
  <testcase name="testDelete" classname="br.com.erudio.unittests.mockito.services.BookServicesTest" time="0.0">
    <skipped message="class br.com.erudio.unittests.mockito.services.BookServicesTest is @Disabled"/>
  </testcase>
  <testcase name="testUpdate" classname="br.com.erudio.unittests.mockito.services.BookServicesTest" time="0.0">
    <skipped message="class br.com.erudio.unittests.mockito.services.BookServicesTest is @Disabled"/>
  </testcase>
</testsuite>