<?xml version="1.0" encoding="UTF-8"?>
<testsuite xmlns:xsi="http://www.w3.org/2001/XMLSchema-instance" xsi:noNamespaceSchemaLocation="https://maven.apache.org/surefire/maven-surefire-plugin/xsd/surefire-test-report-3.0.xsd" version="3.0" name="br.com.erudio.unittests.mapper.DozerConverterTest" time="0.003" tests="4" errors="0" skipped="4" failures="0">
  <properties/>
  <testcase name="parserVOListToEntityListTest" classname="br.com.erudio.unittests.mapper.DozerConverterTest" time="0.0">
    <skipped message="class br.com.erudio.unittests.mapper.DozerConverterTest is @Disabled"/>
  </testcase>
  <testcase name="parseVOToEntityTest" classname="br.com.erudio.unittests.mapper.DozerConverterTest" time="0.0">
    <skipped message="class br.com.erudio.unittests.mapper.DozerConverterTest is @Disabled"/>
  </testcase>
  <testcase name="parseEntityListToVOListTest" classname="br.com.erudio.unittests.mapper.DozerConverterTest" time="0.0">
    <skipped message="class br.com.erudio.unittests.mapper.DozerConverterTest is @Disabled"/>
  </testcase>
  <testcase name="parseEntityToVOTest" classname="br.com.erudio.unittests.mapper.DozerConverterTest" time="0.0">
    <skipped message="class br.com.erudio.unittests.mapper.DozerConverterTest is @Disabled"/>
  </testcase>
</testsuite>