<?xml version="1.0" encoding="UTF-8"?>
<testsuite xmlns:xsi="http://www.w3.org/2001/XMLSchema-instance" xsi:noNamespaceSchemaLocation="https://maven.apache.org/surefire/maven-surefire-plugin/xsd/surefire-test-report-3.0.xsd" version="3.0" name="br.com.erudio.integrationtests.controller.withyaml.AuthControllerYamlTest" time="0.0" tests="2" errors="0" skipped="2" failures="0">
  <properties/>
  <testcase name="testSignin" classname="br.com.erudio.integrationtests.controller.withyaml.AuthControllerYamlTest" time="0.0">
    <skipped message="class br.com.erudio.integrationtests.controller.withyaml.AuthControllerYamlTest is @Disabled"/>
  </testcase>
  <testcase name="testRefresh" classname="br.com.erudio.integrationtests.controller.withyaml.AuthControllerYamlTest" time="0.0">
    <skipped message="class br.com.erudio.integrationtests.controller.withyaml.AuthControllerYamlTest is @Disabled"/>
  </testcase>
</testsuite>