<?xml version="1.0" encoding="UTF-8"?>
<testsuite xmlns:xsi="http://www.w3.org/2001/XMLSchema-instance" xsi:noNamespaceSchemaLocation="https://maven.apache.org/surefire/maven-surefire-plugin/xsd/surefire-test-report-3.0.xsd" version="3.0" name="br.com.erudio.integrationtests.controller.withyaml.BookControllerYamlTest" time="0.0" tests="7" errors="0" skipped="7" failures="0">
  <properties/>
  <testcase name="authorization" classname="br.com.erudio.integrationtests.controller.withyaml.BookControllerYamlTest" time="0.0">
    <skipped message="class br.com.erudio.integrationtests.controller.withyaml.BookControllerYamlTest is @Disabled"/>
  </testcase>
  <testcase name="testCreate" classname="br.com.erudio.integrationtests.controller.withyaml.BookControllerYamlTest" time="0.0">
    <skipped message="class br.com.erudio.integrationtests.controller.withyaml.BookControllerYamlTest is @Disabled"/>
  </testcase>
  <testcase name="testUpdate" classname="br.com.erudio.integrationtests.controller.withyaml.BookControllerYamlTest" time="0.0">
    <skipped message="class br.com.erudio.integrationtests.controller.withyaml.BookControllerYamlTest is @Disabled"/>
  </testcase>
  <testcase name="testFindById" classname="br.com.erudio.integrationtests.controller.withyaml.BookControllerYamlTest" time="0.0">
    <skipped message="class br.com.erudio.integrationtests.controller.withyaml.BookControllerYamlTest is @Disabled"/>
  </testcase>
  <testcase name="testDelete" classname="br.com.erudio.integrationtests.controller.withyaml.BookControllerYamlTest" time="0.0">
    <skipped message="class br.com.erudio.integrationtests.controller.withyaml.BookControllerYamlTest is @Disabled"/>
  </testcase>
  <testcase name="testFindAll" classname="br.com.erudio.integrationtests.controller.withyaml.BookControllerYamlTest" time="0.0">
    <skipped message="class br.com.erudio.integrationtests.controller.withyaml.BookControllerYamlTest is @Disabled"/>
  </testcase>
  <testcase name="testHATEOAS" classname="br.com.erudio.integrationtests.controller.withyaml.BookControllerYamlTest" time="0.0">
    <skipped message="class br.com.erudio.integrationtests.controller.withyaml.BookControllerYamlTest is @Disabled"/>
  </testcase>
</testsuite>